<?xml version="1.0" encoding="UTF-8"?>
<!-- Generated by org.testng.reporters.JUnitXMLReporter -->
<testsuite ignored="0" hostname="DESKTOP-3JCFL5N" failures="1" tests="5" name="Test" time="184.811" errors="0" timestamp="2022-10-12T16:18:13 IST">
  <testcase classname="Com.OrangeHRM.TestCases.HomepageTest" name="AddNewEmp" time="18.722"/>
  <testcase classname="Com.OrangeHRM.TestCases.HomepageTest" name="EmployeeName" time="18.713"/>
  <testcase classname="Com.OrangeHRM.TestCases.HomepageTest" name="EmployeePageDetails" time="18.988"/>
  <testcase classname="Com.OrangeHRM.TestCases.LoginpageTest" name="OrangeHRMPageTitle" time="13.156"/>
  <testcase classname="Com.OrangeHRM.TestCases.LoginpageTest" name="OrangeUername" time="13.927">
    <failure type="java.lang.AssertionError">
      <![CDATA[java.lang.AssertionError: 
at Com.OrangeHRM.TestCases.LoginpageTest.OrangeUername(LoginpageTest.java:35)
at java.base/java.util.ArrayList.forEach(ArrayList.java:1511)
... Removed 28 stack frames]]>
    </failure>
  </testcase> <!-- OrangeUername -->
</testsuite> <!-- Test -->
