<?xml version="1.0" encoding="UTF-8"?>
<testng-results ignored="0" total="5" passed="4" failed="1" skipped="0">
  <reporter-output>
  </reporter-output>
  <suite started-at="2022-10-12T16:15:08 IST" name="Suite" finished-at="2022-10-12T16:18:13 IST" duration-ms="184811">
    <groups>
    </groups>
    <test started-at="2022-10-12T16:15:08 IST" name="Test" finished-at="2022-10-12T16:18:13 IST" duration-ms="184811">
      <class name="Com.OrangeHRM.TestCases.HomepageTest">
        <test-method is-config="true" signature="Setup()[pri:0, instance:Com.OrangeHRM.TestCases.HomepageTest@36b4091c]" started-at="2022-10-12T16:15:08 IST" name="Setup" finished-at="2022-10-12T16:15:26 IST" duration-ms="17274" status="PASS">
          <reporter-output>
          </reporter-output>
        </test-method> <!-- Setup -->
        <test-method signature="AddNewEmp()[pri:0, instance:Com.OrangeHRM.TestCases.HomepageTest@36b4091c]" started-at="2022-10-12T16:15:26 IST" name="AddNewEmp" finished-at="2022-10-12T16:15:44 IST" duration-ms="18722" status="PASS">
          <reporter-output>
          </reporter-output>
        </test-method> <!-- AddNewEmp -->
        <test-method is-config="true" signature="Teardown()[pri:0, instance:Com.OrangeHRM.TestCases.HomepageTest@36b4091c]" started-at="2022-10-12T16:15:44 IST" name="Teardown" finished-at="2022-10-12T16:15:45 IST" duration-ms="651" status="PASS">
          <reporter-output>
          </reporter-output>
        </test-method> <!-- Teardown -->
        <test-method is-config="true" signature="Setup()[pri:0, instance:Com.OrangeHRM.TestCases.HomepageTest@36b4091c]" started-at="2022-10-12T16:15:45 IST" name="Setup" finished-at="2022-10-12T16:16:01 IST" duration-ms="15729" status="PASS">
          <reporter-output>
          </reporter-output>
        </test-method> <!-- Setup -->
        <test-method signature="EmployeeName()[pri:0, instance:Com.OrangeHRM.TestCases.HomepageTest@36b4091c]" started-at="2022-10-12T16:16:01 IST" name="EmployeeName" finished-at="2022-10-12T16:16:20 IST" duration-ms="18713" status="PASS">
          <reporter-output>
          </reporter-output>
        </test-method> <!-- EmployeeName -->
        <test-method is-config="true" signature="Teardown()[pri:0, instance:Com.OrangeHRM.TestCases.HomepageTest@36b4091c]" started-at="2022-10-12T16:16:20 IST" name="Teardown" finished-at="2022-10-12T16:16:20 IST" duration-ms="486" status="PASS">
          <reporter-output>
          </reporter-output>
        </test-method> <!-- Teardown -->
        <test-method is-config="true" signature="Setup()[pri:0, instance:Com.OrangeHRM.TestCases.HomepageTest@36b4091c]" started-at="2022-10-12T16:16:20 IST" name="Setup" finished-at="2022-10-12T16:16:37 IST" duration-ms="17247" status="PASS">
          <reporter-output>
          </reporter-output>
        </test-method> <!-- Setup -->
        <test-method signature="EmployeePageDetails()[pri:0, instance:Com.OrangeHRM.TestCases.HomepageTest@36b4091c]" started-at="2022-10-12T16:16:37 IST" name="EmployeePageDetails" finished-at="2022-10-12T16:16:56 IST" duration-ms="18988" status="PASS">
          <reporter-output>
          </reporter-output>
        </test-method> <!-- EmployeePageDetails -->
        <test-method is-config="true" signature="Teardown()[pri:0, instance:Com.OrangeHRM.TestCases.HomepageTest@36b4091c]" started-at="2022-10-12T16:16:56 IST" name="Teardown" finished-at="2022-10-12T16:16:57 IST" duration-ms="510" status="PASS">
          <reporter-output>
          </reporter-output>
        </test-method> <!-- Teardown -->
      </class> <!-- Com.OrangeHRM.TestCases.HomepageTest -->
      <class name="Com.OrangeHRM.TestCases.LoginpageTest">
        <test-method is-config="true" signature="Setup()[pri:0, instance:Com.OrangeHRM.TestCases.LoginpageTest@7a67e3c6]" started-at="2022-10-12T16:16:57 IST" name="Setup" finished-at="2022-10-12T16:17:25 IST" duration-ms="28278" status="PASS">
          <reporter-output>
          </reporter-output>
        </test-method> <!-- Setup -->
        <test-method signature="OrangeHRMPageTitle()[pri:0, instance:Com.OrangeHRM.TestCases.LoginpageTest@7a67e3c6]" started-at="2022-10-12T16:17:25 IST" name="OrangeHRMPageTitle" finished-at="2022-10-12T16:17:38 IST" duration-ms="13156" status="PASS">
          <reporter-output>
          </reporter-output>
        </test-method> <!-- OrangeHRMPageTitle -->
        <test-method is-config="true" signature="Teardown()[pri:0, instance:Com.OrangeHRM.TestCases.LoginpageTest@7a67e3c6]" started-at="2022-10-12T16:17:38 IST" name="Teardown" finished-at="2022-10-12T16:17:39 IST" duration-ms="360" status="PASS">
          <reporter-output>
          </reporter-output>
        </test-method> <!-- Teardown -->
        <test-method is-config="true" signature="Setup()[pri:0, instance:Com.OrangeHRM.TestCases.LoginpageTest@7a67e3c6]" started-at="2022-10-12T16:17:39 IST" name="Setup" finished-at="2022-10-12T16:17:58 IST" duration-ms="19781" status="PASS">
          <reporter-output>
          </reporter-output>
        </test-method> <!-- Setup -->
        <test-method signature="OrangeUername()[pri:0, instance:Com.OrangeHRM.TestCases.LoginpageTest@7a67e3c6]" started-at="2022-10-12T16:17:58 IST" name="OrangeUername" finished-at="2022-10-12T16:18:12 IST" duration-ms="13927" status="FAIL">
          <exception class="java.lang.AssertionError">
            <full-stacktrace>
              <![CDATA[java.lang.AssertionError: 
at org.testng.AssertJUnit.fail(AssertJUnit.java:65)
at org.testng.AssertJUnit.assertTrue(AssertJUnit.java:23)
at org.testng.AssertJUnit.assertTrue(AssertJUnit.java:33)
at Com.OrangeHRM.TestCases.LoginpageTest.OrangeUername(LoginpageTest.java:35)
at java.base/jdk.internal.reflect.DirectMethodHandleAccessor.invoke(DirectMethodHandleAccessor.java:104)
at java.base/java.lang.reflect.Method.invoke(Method.java:577)
at org.testng.internal.MethodInvocationHelper.invokeMethod(MethodInvocationHelper.java:133)
at org.testng.internal.TestInvoker.invokeMethod(TestInvoker.java:598)
at org.testng.internal.TestInvoker.invokeTestMethod(TestInvoker.java:173)
at org.testng.internal.MethodRunner.runInSequence(MethodRunner.java:46)
at org.testng.internal.TestInvoker$MethodInvocationAgent.invoke(TestInvoker.java:824)
at org.testng.internal.TestInvoker.invokeTestMethods(TestInvoker.java:146)
at org.testng.internal.TestMethodWorker.invokeTestMethods(TestMethodWorker.java:146)
at org.testng.internal.TestMethodWorker.run(TestMethodWorker.java:128)
at java.base/java.util.ArrayList.forEach(ArrayList.java:1511)
at org.testng.TestRunner.privateRun(TestRunner.java:794)
at org.testng.TestRunner.run(TestRunner.java:596)
at org.testng.SuiteRunner.runTest(SuiteRunner.java:377)
at org.testng.SuiteRunner.runSequentially(SuiteRunner.java:371)
at org.testng.SuiteRunner.privateRun(SuiteRunner.java:332)
at org.testng.SuiteRunner.run(SuiteRunner.java:276)
at org.testng.SuiteRunnerWorker.runSuite(SuiteRunnerWorker.java:53)
at org.testng.SuiteRunnerWorker.run(SuiteRunnerWorker.java:96)
at org.testng.TestNG.runSuitesSequentially(TestNG.java:1212)
at org.testng.TestNG.runSuitesLocally(TestNG.java:1134)
at org.testng.TestNG.runSuites(TestNG.java:1063)
at org.testng.TestNG.run(TestNG.java:1031)
at org.testng.remote.AbstractRemoteTestNG.run(AbstractRemoteTestNG.java:115)
at org.testng.remote.RemoteTestNG.initAndRun(RemoteTestNG.java:251)
at org.testng.remote.RemoteTestNG.main(RemoteTestNG.java:77)
]]>
            </full-stacktrace>
          </exception> <!-- java.lang.AssertionError -->
          <reporter-output>
          </reporter-output>
        </test-method> <!-- OrangeUername -->
        <test-method is-config="true" signature="Teardown()[pri:0, instance:Com.OrangeHRM.TestCases.LoginpageTest@7a67e3c6]" started-at="2022-10-12T16:18:13 IST" name="Teardown" finished-at="2022-10-12T16:18:13 IST" duration-ms="442" status="PASS">
          <reporter-output>
          </reporter-output>
        </test-method> <!-- Teardown -->
      </class> <!-- Com.OrangeHRM.TestCases.LoginpageTest -->
    </test> <!-- Test -->
  </suite> <!-- Suite -->
</testng-results>
